<?xml version="1.0" encoding="UTF-8"?>
<testsuite name="CardGameTest" tests="1" skipped="0" failures="1" errors="0" timestamp="2022-08-18T12:51:53" hostname="AG-WOFA" time="0.219">
  <properties/>
  <testcase name="start" classname="CardGameTest" time="0.219">
    <failure message="java.lang.AssertionError: Wrong answer in test #1&#10;&#10;Wrong score output.&#10;&#10;Please find below the output of your program during this failed test.&#10;Note that the '&gt;' character indicates the beginning of the input line.&#10;&#10;---&#10;&#10;Indigo Card Game&#10;Play First?&#10;&gt; yes&#10;Initial cards on the table: K♦ 10♦ K♣ K♠&#10;&#10;4 cards on the table, and the top card is K♠&#10;Cards in hand: 1)J♦ 2)4♥ 3)6♦ 4)A♣ 5)3♣ 6)4♣&#10;Choose a card to play (1-6):&#10;&gt; 1&#10;&#10;5 cards on the table, and the top card is J♦&#10;7♣ A♥ 6♥ Q♦ 2♥ 8♦&#10;Computer plays 8♦&#10;Computer wins cards&#10;Score: Player 0 - Computer 1&#10;Cards: Player 5 - Computer 5&#10;&#10;No cards on the table&#10;Cards in hand: 1)4♥ 2)6♦ 3)A♣ 4)3♣ 5)4♣&#10;Choose a card to play (1-5):" type="java.lang.AssertionError">java.lang.AssertionError: Wrong answer in test #1

Wrong score output.

Please find below the output of your program during this failed test.
Note that the '&gt;' character indicates the beginning of the input line.

---

Indigo Card Game
Play First?
&gt; yes
Initial cards on the table: K♦ 10♦ K♣ K♠

4 cards on the table, and the top card is K♠
Cards in hand: 1)J♦ 2)4♥ 3)6♦ 4)A♣ 5)3♣ 6)4♣
Choose a card to play (1-6):
&gt; 1

5 cards on the table, and the top card is J♦
7♣ A♥ 6♥ Q♦ 2♥ 8♦
Computer plays 8♦
Computer wins cards
Score: Player 0 - Computer 1
Cards: Player 5 - Computer 5

No cards on the table
Cards in hand: 1)4♥ 2)6♦ 3)A♣ 4)3♣ 5)4♣
Choose a card to play (1-5):
	at org.junit.Assert.fail(Assert.java:88)
	at org.hyperskill.hstest.stage.StageTest.start(StageTest.java:155)
	at java.base/jdk.internal.reflect.NativeMethodAccessorImpl.invoke0(Native Method)
	at java.base/jdk.internal.reflect.NativeMethodAccessorImpl.invoke(NativeMethodAccessorImpl.java:77)
	at java.base/jdk.internal.reflect.DelegatingMethodAccessorImpl.invoke(DelegatingMethodAccessorImpl.java:43)
	at java.base/java.lang.reflect.Method.invoke(Method.java:568)
	at org.junit.runners.model.FrameworkMethod$1.runReflectiveCall(FrameworkMethod.java:50)
	at org.junit.internal.runners.model.ReflectiveCallable.run(ReflectiveCallable.java:12)
	at org.junit.runners.model.FrameworkMethod.invokeExplosively(FrameworkMethod.java:47)
	at org.junit.internal.runners.statements.InvokeMethod.evaluate(InvokeMethod.java:17)
	at org.junit.runners.ParentRunner.runLeaf(ParentRunner.java:325)
	at org.junit.runners.BlockJUnit4ClassRunner.runChild(BlockJUnit4ClassRunner.java:78)
	at org.junit.runners.BlockJUnit4ClassRunner.runChild(BlockJUnit4ClassRunner.java:57)
	at org.junit.runners.ParentRunner$3.run(ParentRunner.java:290)
	at org.junit.runners.ParentRunner$1.schedule(ParentRunner.java:71)
	at org.junit.runners.ParentRunner.runChildren(ParentRunner.java:288)
	at org.junit.runners.ParentRunner.access$000(ParentRunner.java:58)
	at org.junit.runners.ParentRunner$2.evaluate(ParentRunner.java:268)
	at org.junit.runners.ParentRunner.run(ParentRunner.java:363)
	at org.gradle.api.internal.tasks.testing.junit.JUnitTestClassExecutor.runTestClass(JUnitTestClassExecutor.java:110)
	at org.gradle.api.internal.tasks.testing.junit.JUnitTestClassExecutor.execute(JUnitTestClassExecutor.java:58)
	at org.gradle.api.internal.tasks.testing.junit.JUnitTestClassExecutor.execute(JUnitTestClassExecutor.java:38)
	at org.gradle.api.internal.tasks.testing.junit.AbstractJUnitTestClassProcessor.processTestClass(AbstractJUnitTestClassProcessor.java:62)
	at org.gradle.api.internal.tasks.testing.SuiteTestClassProcessor.processTestClass(SuiteTestClassProcessor.java:51)
	at java.base/jdk.internal.reflect.NativeMethodAccessorImpl.invoke0(Native Method)
	at java.base/jdk.internal.reflect.NativeMethodAccessorImpl.invoke(NativeMethodAccessorImpl.java:77)
	at java.base/jdk.internal.reflect.DelegatingMethodAccessorImpl.invoke(DelegatingMethodAccessorImpl.java:43)
	at java.base/java.lang.reflect.Method.invoke(Method.java:568)
	at org.gradle.internal.dispatch.ReflectionDispatch.dispatch(ReflectionDispatch.java:36)
	at org.gradle.internal.dispatch.ReflectionDispatch.dispatch(ReflectionDispatch.java:24)
	at org.gradle.internal.dispatch.ContextClassLoaderDispatch.dispatch(ContextClassLoaderDispatch.java:33)
	at org.gradle.internal.dispatch.ProxyDispatchAdapter$DispatchingInvocationHandler.invoke(ProxyDispatchAdapter.java:94)
	at jdk.proxy1/jdk.proxy1.$Proxy2.processTestClass(Unknown Source)
	at org.gradle.api.internal.tasks.testing.worker.TestWorker$2.run(TestWorker.java:176)
	at org.gradle.api.internal.tasks.testing.worker.TestWorker.executeAndMaintainThreadName(TestWorker.java:129)
	at org.gradle.api.internal.tasks.testing.worker.TestWorker.execute(TestWorker.java:100)
	at org.gradle.api.internal.tasks.testing.worker.TestWorker.execute(TestWorker.java:60)
	at org.gradle.process.internal.worker.child.ActionExecutionWorker.execute(ActionExecutionWorker.java:56)
	at org.gradle.process.internal.worker.child.SystemApplicationClassLoaderWorker.call(SystemApplicationClassLoaderWorker.java:133)
	at org.gradle.process.internal.worker.child.SystemApplicationClassLoaderWorker.call(SystemApplicationClassLoaderWorker.java:71)
	at worker.org.gradle.process.internal.worker.GradleWorkerMain.run(GradleWorkerMain.java:69)
	at worker.org.gradle.process.internal.worker.GradleWorkerMain.main(GradleWorkerMain.java:74)
</failure>
  </testcase>
  <system-out><![CDATA[?[1;31m
Start test 1?[0m
Indigo Card Game
Play First?
> yes
Initial cards on the table: K♦ 10♦ K♣ K♠

4 cards on the table, and the top card is K♠
Cards in hand: 1)J♦ 2)4♥ 3)6♦ 4)A♣ 5)3♣ 6)4♣
Choose a card to play (1-6):
> 1

5 cards on the table, and the top card is J♦
7♣ A♥ 6♥ Q♦ 2♥ 8♦
Computer plays 8♦
Computer wins cards
Score: Player 0 - Computer 1
Cards: Player 5 - Computer 5

No cards on the table
Cards in hand: 1)4♥ 2)6♦ 3)A♣ 4)3♣ 5)4♣
Choose a card to play (1-5):
]]></system-out>
  <system-err><![CDATA[]]></system-err>
</testsuite>
